<?xml version="1.0" encoding="UTF-8"?>
<!-- Generated by org.testng.reporters.JUnitReportReporter -->
<testsuite skipped="0" hostname="DESKTOP-JQ0LRFT" name="test.TestLandingPage" tests="1" failures="0" timestamp="2020-02-29T18:09:03 EST" time="11.868" errors="0">
  <testcase name="titleValidation" time="11.868" classname="test.TestLandingPage"/>
  <system-out/>
</testsuite> <!-- test.TestLandingPage -->
